2022-10-20 15:37:06,550  INFO [main] YourStorePage:36 -  =====> Naveen Automation Labs Logo has been displayed <===== 
2022-10-20 15:37:10,822  INFO [main] YourStorePage:46 - User validates the title page. 
2022-10-20 15:37:14,322  INFO [main] YourStorePage:62 - User clicks on the currency button. 
2022-10-20 15:37:14,729  INFO [main] YourStorePage:68 - User selects a currency from drop down menu. 
2022-10-20 15:37:19,145  INFO [main] YourStorePage:89 - User clicks on teh contact us icon. 
2022-10-20 15:37:19,936  INFO [main] YourStorePage:91 - User navigates on the contact us page. 
2022-10-20 15:37:19,937  INFO [main] ContactUsPage:34 -  =====> Contact Us Link has been displayed <===== 
2022-10-20 15:37:24,962  INFO [main] YourStorePage:122 - User clicks on the my account button. 
2022-10-20 15:37:25,335  INFO [main] YourStorePage:124 - User clicks on the shopping cart button. 
2022-10-20 15:37:27,944  INFO [main] YourStorePage:126 - User navigates on the register page. 
2022-10-20 15:37:27,950  INFO [main] RegisterPage:31 -  =====> Register New Customer Link has been displayed <===== 
2022-10-20 15:37:31,511  INFO [main] YourStorePage:145 - User clicks on the my account button. 
2022-10-20 15:37:31,854  INFO [main] YourStorePage:147 - User clicks on the login button. 
2022-10-20 15:37:32,392  INFO [main] YourStorePage:149 - User navigates on the login page. 
2022-10-20 15:37:32,396  INFO [main] LoginPage:32 -  =====> Login Link has been displayed <===== 
2022-10-20 15:37:36,172  INFO [main] YourStorePage:154 - User clicks on the my account button. 
2022-10-20 15:37:36,917  INFO [main] YourStorePage:156 - User navigates on the login page. 
2022-10-20 15:37:36,921  INFO [main] ShoppingCartPage:32 -  =====> Shopping Cart Link has been displayed <===== 
2022-10-20 15:37:40,671  INFO [main] YourStorePage:138 - User clicks on the my account button. 
2022-10-20 15:37:41,584  INFO [main] YourStorePage:140 - User navigates on the check out page. 
2022-10-20 15:37:41,587  INFO [main] CheckOutPage:32 -  =====> Check Out Link has been displayed <===== 
2022-10-20 15:37:45,555  INFO [main] YourStorePage:172 - Navigation bars contains a type of the product
2022-10-20 15:37:49,358  INFO [main] YourStorePage:192 - Navigation bars contains a type of the product
2022-10-20 15:37:56,937  INFO [main] YourStorePage:220 - Footer contains the certain brand
