2022-11-22 22:50:04,452  INFO [TestNG-test=Selenium OPEN_CART (Marionette Firefox)-1] CheckOutPage:27 -  =====> Naveen Automation Labs Logo has been displayed <===== 
2022-11-22 22:50:04,452  INFO [TestNG-test=Selenium OPEN_CART (Marionette Firefox)-2] CheckOutPage:80 - User clicks on teh contact us icon. 
2022-11-22 22:50:04,452  INFO [TestNG-test=Selenium OPEN_CART (Marionette Firefox)-4] CheckOutPage:136 - User clicks on the my account button. 
2022-11-22 22:50:04,452  INFO [TestNG-test=Selenium OPEN_CART (Marionette Firefox)-3] CheckOutPage:113 - User clicks on the my account button. 
2022-11-22 22:50:04,825  INFO [TestNG-test=Selenium OPEN_CART (Marionette Firefox)-3] CheckOutPage:115 - User clicks on the shopping cart button. 
2022-11-22 22:50:04,828  INFO [TestNG-test=Selenium OPEN_CART (Marionette Firefox)-4] CheckOutPage:138 - User clicks on the login button. 
2022-11-22 22:50:05,186  INFO [TestNG-test=Selenium OPEN_CART (Marionette Firefox)-4] CheckOutPage:140 - User navigates on the login page. 
2022-11-22 22:50:05,187  INFO [TestNG-test=Selenium OPEN_CART (Marionette Firefox)-4] CheckOutPage:35 - User validates the title page. 
2022-11-22 22:50:05,360  INFO [TestNG-test=Selenium OPEN_CART (Marionette Firefox)-2] CheckOutPage:82 - User navigates on the contact us page. 
2022-11-22 22:50:05,368  INFO [TestNG-test=Selenium OPEN_CART (Marionette Firefox)-2] CheckOutPage:36 - User validates the title page. 
2022-11-22 22:50:05,542  INFO [TestNG-test=Selenium OPEN_CART (Marionette Firefox)-3] CheckOutPage:117 - User navigates on the register page. 
2022-11-22 22:50:05,542  INFO [TestNG-test=Selenium OPEN_CART (Marionette Firefox)-3] CheckOutPage:32 - User validates the title page. 
2022-11-22 22:50:09,648  INFO [TestNG-test=Selenium OPEN_CART (Marionette Firefox)-1] CheckOutPage:37 - User validates the title page. 
2022-11-22 22:50:09,782  INFO [TestNG-test=Selenium OPEN_CART (Marionette Firefox)-4] CheckOutPage:136 - User clicks on the my account button. 
2022-11-22 22:50:10,049  INFO [TestNG-test=Selenium OPEN_CART (Marionette Firefox)-4] CheckOutPage:138 - User clicks on the login button. 
2022-11-22 22:50:10,435  INFO [TestNG-test=Selenium OPEN_CART (Marionette Firefox)-4] CheckOutPage:140 - User navigates on the login page. 
2022-11-22 22:50:10,444  INFO [TestNG-test=Selenium OPEN_CART (Marionette Firefox)-4] CheckOutPage:57 - User types an email. 
2022-11-22 22:50:10,614  INFO [TestNG-test=Selenium OPEN_CART (Marionette Firefox)-4] CheckOutPage:61 - User types a password. 
2022-11-22 22:50:10,711  INFO [TestNG-test=Selenium OPEN_CART (Marionette Firefox)-3] CheckOutPage:113 - User clicks on the my account button. 
2022-11-22 22:50:10,786  INFO [TestNG-test=Selenium OPEN_CART (Marionette Firefox)-2] CheckOutPage:80 - User clicks on teh contact us icon. 
2022-11-22 22:50:10,800  INFO [TestNG-test=Selenium OPEN_CART (Marionette Firefox)-4] CheckOutPage:65 - User clicks on the submit button. 
2022-11-22 22:50:10,972  INFO [TestNG-test=Selenium OPEN_CART (Marionette Firefox)-3] CheckOutPage:115 - User clicks on the shopping cart button. 
2022-11-22 22:50:11,164  INFO [TestNG-test=Selenium OPEN_CART (Marionette Firefox)-2] CheckOutPage:82 - User navigates on the contact us page. 
2022-11-22 22:50:11,166  INFO [TestNG-test=Selenium OPEN_CART (Marionette Firefox)-2] CheckOutPage:69 - User types the full names. 
2022-11-22 22:50:11,248  INFO [TestNG-test=Selenium OPEN_CART (Marionette Firefox)-2] CheckOutPage:73 - User types an email. 
2022-11-22 22:50:11,308  INFO [TestNG-test=Selenium OPEN_CART (Marionette Firefox)-2] CheckOutPage:77 - User types an enquiry. 
2022-11-22 22:50:11,381  INFO [TestNG-test=Selenium OPEN_CART (Marionette Firefox)-2] CheckOutPage:81 - User clicks on the submit button. 
2022-11-22 22:50:11,465  INFO [TestNG-test=Selenium OPEN_CART (Marionette Firefox)-4] CheckOutPage:25 -  =====> My Account Link has been displayed <===== 
2022-11-22 22:50:11,671  INFO [TestNG-test=Selenium OPEN_CART (Marionette Firefox)-3] CheckOutPage:117 - User navigates on the register page. 
2022-11-22 22:50:11,671  INFO [TestNG-test=Selenium OPEN_CART (Marionette Firefox)-3] CheckOutPage:91 - User types the first name. 
2022-11-22 22:50:11,781  INFO [TestNG-test=Selenium OPEN_CART (Marionette Firefox)-3] CheckOutPage:95 - User types the last name. 
2022-11-22 22:50:11,836  INFO [TestNG-test=Selenium OPEN_CART (Marionette Firefox)-3] CheckOutPage:99 - User types the email. 
2022-11-22 22:50:11,881  INFO [TestNG-test=Selenium OPEN_CART (Marionette Firefox)-3] CheckOutPage:103 - User types the phone number. 
2022-11-22 22:50:11,910  INFO [TestNG-test=Selenium OPEN_CART (Marionette Firefox)-3] CheckOutPage:107 - User types a password. 
2022-11-22 22:50:11,946  INFO [TestNG-test=Selenium OPEN_CART (Marionette Firefox)-3] CheckOutPage:111 - User types a confirm password. 
2022-11-22 22:50:11,977  INFO [TestNG-test=Selenium OPEN_CART (Marionette Firefox)-3] CheckOutPage:115 - User checks agreement checkbox. 
2022-11-22 22:50:12,155  INFO [TestNG-test=Selenium OPEN_CART (Marionette Firefox)-2] CheckOutPage:63 - User receives a success message. 
2022-11-22 22:50:12,222  INFO [TestNG-test=Selenium OPEN_CART (Marionette Firefox)-3] CheckOutPage:118 - User clicks on the submit button. 
2022-11-22 22:50:12,986  INFO [TestNG-test=Selenium OPEN_CART (Marionette Firefox)-3] CheckOutPage:187 - User receives an success created message message. 
2022-11-22 22:50:14,273  INFO [TestNG-test=Selenium OPEN_CART (Marionette Firefox)-1] CheckOutPage:53 - User clicks on the currency button. 
2022-11-22 22:50:14,606  INFO [TestNG-test=Selenium OPEN_CART (Marionette Firefox)-1] CheckOutPage:59 - User selects a currency from drop down menu. 
2022-11-22 22:50:16,141  INFO [TestNG-test=Selenium OPEN_CART (Marionette Firefox)-4] CheckOutPage:136 - User clicks on the my account button. 
2022-11-22 22:50:16,404  INFO [TestNG-test=Selenium OPEN_CART (Marionette Firefox)-4] CheckOutPage:138 - User clicks on the login button. 
2022-11-22 22:50:16,473  INFO [TestNG-test=Selenium OPEN_CART (Marionette Firefox)-2] CheckOutPage:80 - User clicks on teh contact us icon. 
2022-11-22 22:50:16,753  INFO [TestNG-test=Selenium OPEN_CART (Marionette Firefox)-4] CheckOutPage:140 - User navigates on the login page. 
2022-11-22 22:50:16,804  INFO [TestNG-test=Selenium OPEN_CART (Marionette Firefox)-4] CheckOutPage:70 - User types an invalid email. 
2022-11-22 22:50:16,857  INFO [TestNG-test=Selenium OPEN_CART (Marionette Firefox)-2] CheckOutPage:82 - User navigates on the contact us page. 
2022-11-22 22:50:16,857  INFO [TestNG-test=Selenium OPEN_CART (Marionette Firefox)-2] CheckOutPage:69 - User types the full names. 
2022-11-22 22:50:16,893  INFO [TestNG-test=Selenium OPEN_CART (Marionette Firefox)-4] CheckOutPage:74 - User types a invalid password. 
2022-11-22 22:50:16,962  INFO [TestNG-test=Selenium OPEN_CART (Marionette Firefox)-4] CheckOutPage:78 - User clicks on the submit button. 
2022-11-22 22:50:16,967  INFO [TestNG-test=Selenium OPEN_CART (Marionette Firefox)-2] CheckOutPage:73 - User types an email. 
2022-11-22 22:50:17,027  INFO [TestNG-test=Selenium OPEN_CART (Marionette Firefox)-2] CheckOutPage:77 - User types an enquiry. 
2022-11-22 22:50:17,129  INFO [TestNG-test=Selenium OPEN_CART (Marionette Firefox)-2] CheckOutPage:81 - User clicks on the submit button. 
2022-11-22 22:50:17,317  INFO [TestNG-test=Selenium OPEN_CART (Marionette Firefox)-4] CheckOutPage:88 - User receives an alert message. 
2022-11-22 22:50:17,596  INFO [TestNG-test=Selenium OPEN_CART (Marionette Firefox)-2] CheckOutPage:103 - User receives an alert message. 
2022-11-22 22:50:17,907  INFO [TestNG-test=Selenium OPEN_CART (Marionette Firefox)-3] CheckOutPage:113 - User clicks on the my account button. 
2022-11-22 22:50:18,165  INFO [TestNG-test=Selenium OPEN_CART (Marionette Firefox)-3] CheckOutPage:115 - User clicks on the shopping cart button. 
2022-11-22 22:50:19,033  INFO [TestNG-test=Selenium OPEN_CART (Marionette Firefox)-3] CheckOutPage:117 - User navigates on the register page. 
2022-11-22 22:50:19,033  INFO [TestNG-test=Selenium OPEN_CART (Marionette Firefox)-3] CheckOutPage:91 - User types the first name. 
2022-11-22 22:50:19,120  INFO [TestNG-test=Selenium OPEN_CART (Marionette Firefox)-3] CheckOutPage:95 - User types the last name. 
2022-11-22 22:50:19,160  INFO [TestNG-test=Selenium OPEN_CART (Marionette Firefox)-3] CheckOutPage:99 - User types the email. 
2022-11-22 22:50:19,231  INFO [TestNG-test=Selenium OPEN_CART (Marionette Firefox)-3] CheckOutPage:103 - User types the phone number. 
2022-11-22 22:50:19,275  INFO [TestNG-test=Selenium OPEN_CART (Marionette Firefox)-3] CheckOutPage:107 - User types a password. 
2022-11-22 22:50:19,325  INFO [TestNG-test=Selenium OPEN_CART (Marionette Firefox)-3] CheckOutPage:111 - User types a confirm password. 
2022-11-22 22:50:19,373  INFO [TestNG-test=Selenium OPEN_CART (Marionette Firefox)-3] CheckOutPage:115 - User checks agreement checkbox. 
2022-11-22 22:50:19,606  INFO [TestNG-test=Selenium OPEN_CART (Marionette Firefox)-3] CheckOutPage:118 - User clicks on the submit button. 
2022-11-22 22:50:19,655  INFO [TestNG-test=Selenium OPEN_CART (Marionette Firefox)-1] CheckOutPage:80 - User clicks on teh contact us icon. 
2022-11-22 22:50:20,040  INFO [TestNG-test=Selenium OPEN_CART (Marionette Firefox)-1] CheckOutPage:82 - User navigates on the contact us page. 
2022-11-22 22:50:20,041  INFO [TestNG-test=Selenium OPEN_CART (Marionette Firefox)-1] CheckOutPage:25 -  =====> Contact Us Link has been displayed <===== 
2022-11-22 22:50:20,544  INFO [TestNG-test=Selenium OPEN_CART (Marionette Firefox)-3] CheckOutPage:219 - User receives an warning message. 
2022-11-22 22:50:21,994  INFO [TestNG-test=Selenium OPEN_CART (Marionette Firefox)-4] CheckOutPage:136 - User clicks on the my account button. 
2022-11-22 22:50:22,072  INFO [TestNG-test=Selenium OPEN_CART (Marionette Firefox)-2] CheckOutPage:80 - User clicks on teh contact us icon. 
2022-11-22 22:50:22,248  INFO [TestNG-test=Selenium OPEN_CART (Marionette Firefox)-4] CheckOutPage:138 - User clicks on the login button. 
2022-11-22 22:50:22,467  INFO [TestNG-test=Selenium OPEN_CART (Marionette Firefox)-2] CheckOutPage:82 - User navigates on the contact us page. 
2022-11-22 22:50:22,468  INFO [TestNG-test=Selenium OPEN_CART (Marionette Firefox)-2] CheckOutPage:69 - User types the full names. 
2022-11-22 22:50:22,578  INFO [TestNG-test=Selenium OPEN_CART (Marionette Firefox)-2] CheckOutPage:73 - User types an email. 
2022-11-22 22:50:22,632  INFO [TestNG-test=Selenium OPEN_CART (Marionette Firefox)-4] CheckOutPage:140 - User navigates on the login page. 
2022-11-22 22:50:22,642  INFO [TestNG-test=Selenium OPEN_CART (Marionette Firefox)-4] CheckOutPage:70 - User types an invalid email. 
2022-11-22 22:50:22,721  INFO [TestNG-test=Selenium OPEN_CART (Marionette Firefox)-2] CheckOutPage:77 - User types an enquiry. 
2022-11-22 22:50:22,769  INFO [TestNG-test=Selenium OPEN_CART (Marionette Firefox)-2] CheckOutPage:81 - User clicks on the submit button. 
2022-11-22 22:50:22,776  INFO [TestNG-test=Selenium OPEN_CART (Marionette Firefox)-4] CheckOutPage:74 - User types a invalid password. 
2022-11-22 22:50:22,831  INFO [TestNG-test=Selenium OPEN_CART (Marionette Firefox)-4] CheckOutPage:78 - User clicks on the submit button. 
2022-11-22 22:50:23,156  INFO [TestNG-test=Selenium OPEN_CART (Marionette Firefox)-2] CheckOutPage:103 - User receives an alert message. 
2022-11-22 22:50:23,200  INFO [TestNG-test=Selenium OPEN_CART (Marionette Firefox)-4] CheckOutPage:88 - User receives an alert message. 
2022-11-22 22:50:24,318  INFO [TestNG-test=Selenium OPEN_CART (Marionette Firefox)-1] CheckOutPage:113 - User clicks on the my account button. 
2022-11-22 22:50:24,565  INFO [TestNG-test=Selenium OPEN_CART (Marionette Firefox)-1] CheckOutPage:115 - User clicks on the shopping cart button. 
2022-11-22 22:50:24,929  INFO [TestNG-test=Selenium OPEN_CART (Marionette Firefox)-3] CheckOutPage:113 - User clicks on the my account button. 
2022-11-22 22:50:25,179  INFO [TestNG-test=Selenium OPEN_CART (Marionette Firefox)-3] CheckOutPage:115 - User clicks on the shopping cart button. 
2022-11-22 22:50:25,302  INFO [TestNG-test=Selenium OPEN_CART (Marionette Firefox)-1] CheckOutPage:117 - User navigates on the register page. 
2022-11-22 22:50:25,303  INFO [TestNG-test=Selenium OPEN_CART (Marionette Firefox)-1] CheckOutPage:21 -  =====> Register New Customer Link has been displayed <===== 
2022-11-22 22:50:25,916  INFO [TestNG-test=Selenium OPEN_CART (Marionette Firefox)-3] CheckOutPage:117 - User navigates on the register page. 
2022-11-22 22:50:25,928  INFO [TestNG-test=Selenium OPEN_CART (Marionette Firefox)-3] CheckOutPage:91 - User types the first name. 
2022-11-22 22:50:26,104  INFO [TestNG-test=Selenium OPEN_CART (Marionette Firefox)-3] CheckOutPage:95 - User types the last name. 
2022-11-22 22:50:26,199  INFO [TestNG-test=Selenium OPEN_CART (Marionette Firefox)-3] CheckOutPage:99 - User types the email. 
2022-11-22 22:50:26,288  INFO [TestNG-test=Selenium OPEN_CART (Marionette Firefox)-3] CheckOutPage:103 - User types the phone number. 
2022-11-22 22:50:26,318  INFO [TestNG-test=Selenium OPEN_CART (Marionette Firefox)-3] CheckOutPage:107 - User types a password. 
2022-11-22 22:50:26,360  INFO [TestNG-test=Selenium OPEN_CART (Marionette Firefox)-3] CheckOutPage:111 - User types a confirm password. 
2022-11-22 22:50:26,394  INFO [TestNG-test=Selenium OPEN_CART (Marionette Firefox)-3] CheckOutPage:115 - User checks agreement checkbox. 
2022-11-22 22:50:26,626  INFO [TestNG-test=Selenium OPEN_CART (Marionette Firefox)-3] CheckOutPage:118 - User clicks on the submit button. 
2022-11-22 22:50:27,004  INFO [TestNG-test=Selenium OPEN_CART (Marionette Firefox)-3] CheckOutPage:203 - User receives an alert message. 
2022-11-22 22:50:27,870  INFO [TestNG-test=Selenium OPEN_CART (Marionette Firefox)-4] CheckOutPage:136 - User clicks on the my account button. 
2022-11-22 22:50:27,908  INFO [TestNG-test=Selenium OPEN_CART (Marionette Firefox)-2] CheckOutPage:80 - User clicks on teh contact us icon. 
2022-11-22 22:50:28,137  INFO [TestNG-test=Selenium OPEN_CART (Marionette Firefox)-4] CheckOutPage:138 - User clicks on the login button. 
2022-11-22 22:50:28,290  INFO [TestNG-test=Selenium OPEN_CART (Marionette Firefox)-2] CheckOutPage:82 - User navigates on the contact us page. 
2022-11-22 22:50:28,290  INFO [TestNG-test=Selenium OPEN_CART (Marionette Firefox)-2] CheckOutPage:69 - User types the full names. 
2022-11-22 22:50:28,367  INFO [TestNG-test=Selenium OPEN_CART (Marionette Firefox)-2] CheckOutPage:73 - User types an email. 
2022-11-22 22:50:28,410  INFO [TestNG-test=Selenium OPEN_CART (Marionette Firefox)-2] CheckOutPage:77 - User types an enquiry. 
2022-11-22 22:50:28,470  INFO [TestNG-test=Selenium OPEN_CART (Marionette Firefox)-2] CheckOutPage:81 - User clicks on the submit button. 
2022-11-22 22:50:28,493  INFO [TestNG-test=Selenium OPEN_CART (Marionette Firefox)-4] CheckOutPage:140 - User navigates on the login page. 
2022-11-22 22:50:28,494  INFO [TestNG-test=Selenium OPEN_CART (Marionette Firefox)-4] CheckOutPage:70 - User types an invalid email. 
2022-11-22 22:50:28,573  INFO [TestNG-test=Selenium OPEN_CART (Marionette Firefox)-4] CheckOutPage:74 - User types a invalid password. 
2022-11-22 22:50:28,612  INFO [TestNG-test=Selenium OPEN_CART (Marionette Firefox)-4] CheckOutPage:78 - User clicks on the submit button. 
2022-11-22 22:50:28,874  INFO [TestNG-test=Selenium OPEN_CART (Marionette Firefox)-2] CheckOutPage:103 - User receives an alert message. 
2022-11-22 22:50:28,976  INFO [TestNG-test=Selenium OPEN_CART (Marionette Firefox)-4] CheckOutPage:88 - User receives an alert message. 
2022-11-22 22:50:29,645  INFO [TestNG-test=Selenium OPEN_CART (Marionette Firefox)-1] CheckOutPage:136 - User clicks on the my account button. 
2022-11-22 22:50:29,900  INFO [TestNG-test=Selenium OPEN_CART (Marionette Firefox)-1] CheckOutPage:138 - User clicks on the login button. 
2022-11-22 22:50:30,257  INFO [TestNG-test=Selenium OPEN_CART (Marionette Firefox)-1] CheckOutPage:140 - User navigates on the login page. 
2022-11-22 22:50:30,258  INFO [TestNG-test=Selenium OPEN_CART (Marionette Firefox)-1] CheckOutPage:24 -  =====> Login Link has been displayed <===== 
2022-11-22 22:50:31,657  INFO [TestNG-test=Selenium OPEN_CART (Marionette Firefox)-3] CheckOutPage:113 - User clicks on the my account button. 
2022-11-22 22:50:31,902  INFO [TestNG-test=Selenium OPEN_CART (Marionette Firefox)-3] CheckOutPage:115 - User clicks on the shopping cart button. 
2022-11-22 22:50:32,811  INFO [TestNG-test=Selenium OPEN_CART (Marionette Firefox)-3] CheckOutPage:117 - User navigates on the register page. 
2022-11-22 22:50:32,813  INFO [TestNG-test=Selenium OPEN_CART (Marionette Firefox)-3] CheckOutPage:91 - User types the first name. 
2022-11-22 22:50:32,910  INFO [TestNG-test=Selenium OPEN_CART (Marionette Firefox)-3] CheckOutPage:95 - User types the last name. 
2022-11-22 22:50:32,941  INFO [TestNG-test=Selenium OPEN_CART (Marionette Firefox)-3] CheckOutPage:99 - User types the email. 
2022-11-22 22:50:32,981  INFO [TestNG-test=Selenium OPEN_CART (Marionette Firefox)-3] CheckOutPage:103 - User types the phone number. 
2022-11-22 22:50:33,020  INFO [TestNG-test=Selenium OPEN_CART (Marionette Firefox)-3] CheckOutPage:107 - User types a password. 
2022-11-22 22:50:33,042  INFO [TestNG-test=Selenium OPEN_CART (Marionette Firefox)-3] CheckOutPage:111 - User types a confirm password. 
2022-11-22 22:50:33,098  INFO [TestNG-test=Selenium OPEN_CART (Marionette Firefox)-3] CheckOutPage:115 - User checks agreement checkbox. 
2022-11-22 22:50:33,218  INFO [TestNG-test=Selenium OPEN_CART (Marionette Firefox)-4] CheckOutPage:136 - User clicks on the my account button. 
2022-11-22 22:50:33,324  INFO [TestNG-test=Selenium OPEN_CART (Marionette Firefox)-2] CheckOutPage:80 - User clicks on teh contact us icon. 
2022-11-22 22:50:33,331  INFO [TestNG-test=Selenium OPEN_CART (Marionette Firefox)-3] CheckOutPage:118 - User clicks on the submit button. 
2022-11-22 22:50:33,469  INFO [TestNG-test=Selenium OPEN_CART (Marionette Firefox)-4] CheckOutPage:138 - User clicks on the login button. 
2022-11-22 22:50:33,693  INFO [TestNG-test=Selenium OPEN_CART (Marionette Firefox)-3] CheckOutPage:203 - User receives an alert message. 
2022-11-22 22:50:33,715  INFO [TestNG-test=Selenium OPEN_CART (Marionette Firefox)-2] CheckOutPage:82 - User navigates on the contact us page. 
2022-11-22 22:50:33,716  INFO [TestNG-test=Selenium OPEN_CART (Marionette Firefox)-2] CheckOutPage:69 - User types the full names. 
2022-11-22 22:50:33,803  INFO [TestNG-test=Selenium OPEN_CART (Marionette Firefox)-2] CheckOutPage:73 - User types an email. 
2022-11-22 22:50:33,846  INFO [TestNG-test=Selenium OPEN_CART (Marionette Firefox)-2] CheckOutPage:77 - User types an enquiry. 
2022-11-22 22:50:33,853  INFO [TestNG-test=Selenium OPEN_CART (Marionette Firefox)-4] CheckOutPage:140 - User navigates on the login page. 
2022-11-22 22:50:33,854  INFO [TestNG-test=Selenium OPEN_CART (Marionette Firefox)-4] CheckOutPage:70 - User types an invalid email. 
2022-11-22 22:50:33,875  INFO [TestNG-test=Selenium OPEN_CART (Marionette Firefox)-2] CheckOutPage:81 - User clicks on the submit button. 
2022-11-22 22:50:33,910  INFO [TestNG-test=Selenium OPEN_CART (Marionette Firefox)-4] CheckOutPage:74 - User types a invalid password. 
2022-11-22 22:50:33,947  INFO [TestNG-test=Selenium OPEN_CART (Marionette Firefox)-4] CheckOutPage:78 - User clicks on the submit button. 
2022-11-22 22:50:34,245  INFO [TestNG-test=Selenium OPEN_CART (Marionette Firefox)-2] CheckOutPage:103 - User receives an alert message. 
2022-11-22 22:50:34,311  INFO [TestNG-test=Selenium OPEN_CART (Marionette Firefox)-4] CheckOutPage:88 - User receives an alert message. 
2022-11-22 22:50:34,497  INFO [TestNG-test=Selenium OPEN_CART (Marionette Firefox)-1] CheckOutPage:145 - User clicks on the my account button. 
2022-11-22 22:50:34,889  INFO [TestNG-test=Selenium OPEN_CART (Marionette Firefox)-1] CheckOutPage:147 - User navigates on the login page. 
2022-11-22 22:50:34,891  INFO [TestNG-test=Selenium OPEN_CART (Marionette Firefox)-1] CheckOutPage:21 -  =====> Shopping Cart Link has been displayed <===== 
2022-11-22 22:50:38,097  INFO [TestNG-test=Selenium OPEN_CART (Marionette Firefox)-3] CheckOutPage:113 - User clicks on the my account button. 
2022-11-22 22:50:38,350  INFO [TestNG-test=Selenium OPEN_CART (Marionette Firefox)-3] CheckOutPage:115 - User clicks on the shopping cart button. 
2022-11-22 22:50:38,668  INFO [TestNG-test=Selenium OPEN_CART (Marionette Firefox)-2] CheckOutPage:80 - User clicks on teh contact us icon. 
2022-11-22 22:50:38,733  INFO [TestNG-test=Selenium OPEN_CART (Marionette Firefox)-4] CheckOutPage:136 - User clicks on the my account button. 
2022-11-22 22:50:38,980  INFO [TestNG-test=Selenium OPEN_CART (Marionette Firefox)-4] CheckOutPage:138 - User clicks on the login button. 
2022-11-22 22:50:39,035  INFO [TestNG-test=Selenium OPEN_CART (Marionette Firefox)-3] CheckOutPage:117 - User navigates on the register page. 
2022-11-22 22:50:39,036  INFO [TestNG-test=Selenium OPEN_CART (Marionette Firefox)-3] CheckOutPage:91 - User types the first name. 
2022-11-22 22:50:39,043  INFO [TestNG-test=Selenium OPEN_CART (Marionette Firefox)-2] CheckOutPage:82 - User navigates on the contact us page. 
2022-11-22 22:50:39,044  INFO [TestNG-test=Selenium OPEN_CART (Marionette Firefox)-2] CheckOutPage:69 - User types the full names. 
2022-11-22 22:50:39,113  INFO [TestNG-test=Selenium OPEN_CART (Marionette Firefox)-3] CheckOutPage:95 - User types the last name. 
2022-11-22 22:50:39,121  INFO [TestNG-test=Selenium OPEN_CART (Marionette Firefox)-2] CheckOutPage:73 - User types an email. 
2022-11-22 22:50:39,149  INFO [TestNG-test=Selenium OPEN_CART (Marionette Firefox)-3] CheckOutPage:99 - User types the email. 
2022-11-22 22:50:39,161  INFO [TestNG-test=Selenium OPEN_CART (Marionette Firefox)-2] CheckOutPage:77 - User types an enquiry. 
2022-11-22 22:50:39,190  INFO [TestNG-test=Selenium OPEN_CART (Marionette Firefox)-3] CheckOutPage:103 - User types the phone number. 
2022-11-22 22:50:39,223  INFO [TestNG-test=Selenium OPEN_CART (Marionette Firefox)-3] CheckOutPage:107 - User types a password. 
2022-11-22 22:50:39,245  INFO [TestNG-test=Selenium OPEN_CART (Marionette Firefox)-3] CheckOutPage:111 - User types a confirm password. 
2022-11-22 22:50:39,264  INFO [TestNG-test=Selenium OPEN_CART (Marionette Firefox)-3] CheckOutPage:115 - User checks agreement checkbox. 
2022-11-22 22:50:39,331  INFO [TestNG-test=Selenium OPEN_CART (Marionette Firefox)-4] CheckOutPage:140 - User navigates on the login page. 
2022-11-22 22:50:39,332  INFO [TestNG-test=Selenium OPEN_CART (Marionette Firefox)-4] CheckOutPage:70 - User types an invalid email. 
2022-11-22 22:50:39,404  INFO [TestNG-test=Selenium OPEN_CART (Marionette Firefox)-4] CheckOutPage:74 - User types a invalid password. 
2022-11-22 22:50:39,435  INFO [TestNG-test=Selenium OPEN_CART (Marionette Firefox)-4] CheckOutPage:78 - User clicks on the submit button. 
2022-11-22 22:50:39,488  INFO [TestNG-test=Selenium OPEN_CART (Marionette Firefox)-3] CheckOutPage:118 - User clicks on the submit button. 
2022-11-22 22:50:39,513  INFO [TestNG-test=Selenium OPEN_CART (Marionette Firefox)-1] CheckOutPage:129 - User clicks on the my account button. 
2022-11-22 22:50:39,792  INFO [TestNG-test=Selenium OPEN_CART (Marionette Firefox)-4] CheckOutPage:88 - User receives an alert message. 
2022-11-22 22:50:39,859  INFO [TestNG-test=Selenium OPEN_CART (Marionette Firefox)-3] CheckOutPage:203 - User receives an alert message. 
2022-11-22 22:50:40,072  INFO [TestNG-test=Selenium OPEN_CART (Marionette Firefox)-1] CheckOutPage:131 - User navigates on the check out page. 
2022-11-22 22:50:40,073  INFO [TestNG-test=Selenium OPEN_CART (Marionette Firefox)-1] CheckOutPage:24 -  =====> Check Out Link has been displayed <===== 
2022-11-22 22:50:40,586  INFO [TestNG-test=Selenium OPEN_CART (Marionette Firefox)-2] CheckOutPage:81 - User clicks on the submit button. 
2022-11-22 22:50:40,977  INFO [TestNG-test=Selenium OPEN_CART (Marionette Firefox)-2] CheckOutPage:103 - User receives an alert message. 
2022-11-22 22:50:45,089  INFO [TestNG-test=Selenium OPEN_CART (Marionette Firefox)-4] CheckOutPage:136 - User clicks on the my account button. 
2022-11-22 22:50:45,207  INFO [TestNG-test=Selenium OPEN_CART (Marionette Firefox)-1] CheckOutPage:163 - Navigation bars contains a type of the product
2022-11-22 22:50:45,293  INFO [TestNG-test=Selenium OPEN_CART (Marionette Firefox)-3] CheckOutPage:113 - User clicks on the my account button. 
2022-11-22 22:50:45,341  INFO [TestNG-test=Selenium OPEN_CART (Marionette Firefox)-4] CheckOutPage:138 - User clicks on the login button. 
2022-11-22 22:50:45,542  INFO [TestNG-test=Selenium OPEN_CART (Marionette Firefox)-3] CheckOutPage:115 - User clicks on the shopping cart button. 
2022-11-22 22:50:45,687  INFO [TestNG-test=Selenium OPEN_CART (Marionette Firefox)-4] CheckOutPage:140 - User navigates on the login page. 
2022-11-22 22:50:45,687  INFO [TestNG-test=Selenium OPEN_CART (Marionette Firefox)-4] CheckOutPage:70 - User types an invalid email. 
2022-11-22 22:50:45,743  INFO [TestNG-test=Selenium OPEN_CART (Marionette Firefox)-4] CheckOutPage:74 - User types a invalid password. 
2022-11-22 22:50:45,777  INFO [TestNG-test=Selenium OPEN_CART (Marionette Firefox)-4] CheckOutPage:78 - User clicks on the submit button. 
2022-11-22 22:50:46,128  INFO [TestNG-test=Selenium OPEN_CART (Marionette Firefox)-4] CheckOutPage:88 - User receives an alert message. 
2022-11-22 22:50:46,435  INFO [TestNG-test=Selenium OPEN_CART (Marionette Firefox)-3] CheckOutPage:117 - User navigates on the register page. 
2022-11-22 22:50:46,436  INFO [TestNG-test=Selenium OPEN_CART (Marionette Firefox)-3] CheckOutPage:91 - User types the first name. 
2022-11-22 22:50:46,512  INFO [TestNG-test=Selenium OPEN_CART (Marionette Firefox)-3] CheckOutPage:95 - User types the last name. 
2022-11-22 22:50:46,541  INFO [TestNG-test=Selenium OPEN_CART (Marionette Firefox)-3] CheckOutPage:99 - User types the email. 
2022-11-22 22:50:46,575  INFO [TestNG-test=Selenium OPEN_CART (Marionette Firefox)-3] CheckOutPage:103 - User types the phone number. 
2022-11-22 22:50:46,606  INFO [TestNG-test=Selenium OPEN_CART (Marionette Firefox)-3] CheckOutPage:107 - User types a password. 
2022-11-22 22:50:46,650  INFO [TestNG-test=Selenium OPEN_CART (Marionette Firefox)-3] CheckOutPage:111 - User types a confirm password. 
2022-11-22 22:50:46,684  INFO [TestNG-test=Selenium OPEN_CART (Marionette Firefox)-3] CheckOutPage:115 - User checks agreement checkbox. 
2022-11-22 22:50:46,908  INFO [TestNG-test=Selenium OPEN_CART (Marionette Firefox)-3] CheckOutPage:118 - User clicks on the submit button. 
2022-11-22 22:50:47,270  INFO [TestNG-test=Selenium OPEN_CART (Marionette Firefox)-3] CheckOutPage:203 - User receives an alert message. 
2022-11-22 22:50:49,755  INFO [TestNG-test=Selenium OPEN_CART (Marionette Firefox)-1] CheckOutPage:183 - Navigation bars contains a type of the product
2022-11-22 22:50:50,221  INFO [TestNG-test=Selenium OPEN_CART (Marionette Firefox)-4] CheckOutPage:136 - User clicks on the my account button. 
2022-11-22 22:50:50,469  INFO [TestNG-test=Selenium OPEN_CART (Marionette Firefox)-4] CheckOutPage:138 - User clicks on the login button. 
2022-11-22 22:50:50,806  INFO [TestNG-test=Selenium OPEN_CART (Marionette Firefox)-4] CheckOutPage:140 - User navigates on the login page. 
2022-11-22 22:50:50,831  INFO [TestNG-test=Selenium OPEN_CART (Marionette Firefox)-4] CheckOutPage:70 - User types an invalid email. 
2022-11-22 22:50:50,901  INFO [TestNG-test=Selenium OPEN_CART (Marionette Firefox)-4] CheckOutPage:74 - User types a invalid password. 
2022-11-22 22:50:50,926  INFO [TestNG-test=Selenium OPEN_CART (Marionette Firefox)-4] CheckOutPage:78 - User clicks on the submit button. 
2022-11-22 22:50:51,266  INFO [TestNG-test=Selenium OPEN_CART (Marionette Firefox)-4] CheckOutPage:88 - User receives an alert message. 
2022-11-22 22:50:51,371  INFO [TestNG-test=Selenium OPEN_CART (Marionette Firefox)-3] CheckOutPage:113 - User clicks on the my account button. 
2022-11-22 22:50:51,622  INFO [TestNG-test=Selenium OPEN_CART (Marionette Firefox)-3] CheckOutPage:115 - User clicks on the shopping cart button. 
2022-11-22 22:50:52,303  INFO [TestNG-test=Selenium OPEN_CART (Marionette Firefox)-3] CheckOutPage:117 - User navigates on the register page. 
2022-11-22 22:50:52,303  INFO [TestNG-test=Selenium OPEN_CART (Marionette Firefox)-3] CheckOutPage:122 - User types the first name. 
2022-11-22 22:50:52,374  INFO [TestNG-test=Selenium OPEN_CART (Marionette Firefox)-3] CheckOutPage:126 - User types the last name. 
2022-11-22 22:50:52,404  INFO [TestNG-test=Selenium OPEN_CART (Marionette Firefox)-3] CheckOutPage:130 - User types the email. 
2022-11-22 22:50:52,444  INFO [TestNG-test=Selenium OPEN_CART (Marionette Firefox)-3] CheckOutPage:134 - User types the phone number. 
2022-11-22 22:50:52,470  INFO [TestNG-test=Selenium OPEN_CART (Marionette Firefox)-3] CheckOutPage:138 - User types a password. 
2022-11-22 22:50:52,493  INFO [TestNG-test=Selenium OPEN_CART (Marionette Firefox)-3] CheckOutPage:142 - User types a confirm password. 
2022-11-22 22:50:52,517  INFO [TestNG-test=Selenium OPEN_CART (Marionette Firefox)-3] CheckOutPage:146 - User checks agreement checkbox. 
2022-11-22 22:50:52,745  INFO [TestNG-test=Selenium OPEN_CART (Marionette Firefox)-3] CheckOutPage:149 - User clicks on the submit button. 
2022-11-22 22:50:53,109  INFO [TestNG-test=Selenium OPEN_CART (Marionette Firefox)-3] CheckOutPage:203 - User receives an alert message. 
2022-11-22 22:50:55,626  INFO [TestNG-test=Selenium OPEN_CART (Marionette Firefox)-4] CheckOutPage:136 - User clicks on the my account button. 
2022-11-22 22:50:55,874  INFO [TestNG-test=Selenium OPEN_CART (Marionette Firefox)-4] CheckOutPage:138 - User clicks on the login button. 
2022-11-22 22:50:56,208  INFO [TestNG-test=Selenium OPEN_CART (Marionette Firefox)-4] CheckOutPage:140 - User navigates on the login page. 
2022-11-22 22:50:56,208  INFO [TestNG-test=Selenium OPEN_CART (Marionette Firefox)-4] CheckOutPage:57 - User types an email. 
2022-11-22 22:50:56,281  INFO [TestNG-test=Selenium OPEN_CART (Marionette Firefox)-4] CheckOutPage:61 - User types a password. 
2022-11-22 22:50:56,315  INFO [TestNG-test=Selenium OPEN_CART (Marionette Firefox)-4] CheckOutPage:65 - User clicks on the submit button. 
2022-11-22 22:50:56,876  INFO [TestNG-test=Selenium OPEN_CART (Marionette Firefox)-4] CheckOutPage:47 - User clicks on the my account button. 
2022-11-22 22:50:57,111  INFO [TestNG-test=Selenium OPEN_CART (Marionette Firefox)-4] CheckOutPage:49 - User clicks on the log out button. 
2022-11-22 22:50:57,625  INFO [TestNG-test=Selenium OPEN_CART (Marionette Firefox)-4] CheckOutPage:61 -  =====> Account Log Out Link has been displayed <===== 
2022-11-22 22:50:57,692  INFO [TestNG-test=Selenium OPEN_CART (Marionette Firefox)-3] CheckOutPage:113 - User clicks on the my account button. 
2022-11-22 22:50:57,942  INFO [TestNG-test=Selenium OPEN_CART (Marionette Firefox)-3] CheckOutPage:115 - User clicks on the shopping cart button. 
2022-11-22 22:50:58,052  INFO [TestNG-test=Selenium OPEN_CART (Marionette Firefox)-1] CheckOutPage:211 - Footer contains the certain brand
2022-11-22 22:50:58,642  INFO [TestNG-test=Selenium OPEN_CART (Marionette Firefox)-3] CheckOutPage:117 - User navigates on the register page. 
2022-11-22 22:50:58,642  INFO [TestNG-test=Selenium OPEN_CART (Marionette Firefox)-3] CheckOutPage:122 - User types the first name. 
2022-11-22 22:50:58,712  INFO [TestNG-test=Selenium OPEN_CART (Marionette Firefox)-3] CheckOutPage:126 - User types the last name. 
2022-11-22 22:50:58,735  INFO [TestNG-test=Selenium OPEN_CART (Marionette Firefox)-3] CheckOutPage:130 - User types the email. 
2022-11-22 22:50:58,766  INFO [TestNG-test=Selenium OPEN_CART (Marionette Firefox)-3] CheckOutPage:134 - User types the phone number. 
2022-11-22 22:50:58,783  INFO [TestNG-test=Selenium OPEN_CART (Marionette Firefox)-3] CheckOutPage:138 - User types a password. 
2022-11-22 22:50:58,802  INFO [TestNG-test=Selenium OPEN_CART (Marionette Firefox)-3] CheckOutPage:142 - User types a confirm password. 
2022-11-22 22:50:58,824  INFO [TestNG-test=Selenium OPEN_CART (Marionette Firefox)-3] CheckOutPage:146 - User checks agreement checkbox. 
2022-11-22 22:50:59,048  INFO [TestNG-test=Selenium OPEN_CART (Marionette Firefox)-3] CheckOutPage:149 - User clicks on the submit button. 
2022-11-22 22:50:59,443  INFO [TestNG-test=Selenium OPEN_CART (Marionette Firefox)-3] CheckOutPage:203 - User receives an alert message. 
2022-11-22 22:51:03,679  INFO [TestNG-test=Selenium OPEN_CART (Marionette Firefox)-3] CheckOutPage:113 - User clicks on the my account button. 
2022-11-22 22:51:03,919  INFO [TestNG-test=Selenium OPEN_CART (Marionette Firefox)-3] CheckOutPage:115 - User clicks on the shopping cart button. 
2022-11-22 22:51:04,990  INFO [TestNG-test=Selenium OPEN_CART (Marionette Firefox)-3] CheckOutPage:117 - User navigates on the register page. 
2022-11-22 22:51:04,990  INFO [TestNG-test=Selenium OPEN_CART (Marionette Firefox)-3] CheckOutPage:153 - User types the first name. 
2022-11-22 22:51:05,055  INFO [TestNG-test=Selenium OPEN_CART (Marionette Firefox)-3] CheckOutPage:157 - User types the last name. 
2022-11-22 22:51:05,077  INFO [TestNG-test=Selenium OPEN_CART (Marionette Firefox)-3] CheckOutPage:161 - User types the email. 
2022-11-22 22:51:05,110  INFO [TestNG-test=Selenium OPEN_CART (Marionette Firefox)-3] CheckOutPage:165 - User types the phone number. 
2022-11-22 22:51:05,132  INFO [TestNG-test=Selenium OPEN_CART (Marionette Firefox)-3] CheckOutPage:169 - User types a password. 
2022-11-22 22:51:05,154  INFO [TestNG-test=Selenium OPEN_CART (Marionette Firefox)-3] CheckOutPage:173 - User types a confirm password. 
2022-11-22 22:51:05,177  INFO [TestNG-test=Selenium OPEN_CART (Marionette Firefox)-3] CheckOutPage:177 - User clicks on the submit button. 
2022-11-22 22:51:05,598  INFO [TestNG-test=Selenium OPEN_CART (Marionette Firefox)-3] CheckOutPage:219 - User receives an warning message. 
2022-11-22 22:51:09,522  INFO [TestNG-test=Selenium OPEN_CART (Marionette Firefox)-3] CheckOutPage:113 - User clicks on the my account button. 
2022-11-22 22:51:09,770  INFO [TestNG-test=Selenium OPEN_CART (Marionette Firefox)-3] CheckOutPage:115 - User clicks on the shopping cart button. 
2022-11-22 22:51:10,482  INFO [TestNG-test=Selenium OPEN_CART (Marionette Firefox)-3] CheckOutPage:117 - User navigates on the register page. 
2022-11-22 22:51:10,483  INFO [TestNG-test=Selenium OPEN_CART (Marionette Firefox)-3] CheckOutPage:235 - User clicks on the forgotten password section.
2022-11-22 22:51:10,909  INFO [TestNG-test=Selenium OPEN_CART (Marionette Firefox)-3] CheckOutPage:245 -  =====> Forgotten Password Link has been displayed <===== 
2022-11-22 22:51:14,852  INFO [TestNG-test=Selenium OPEN_CART (Marionette Firefox)-3] CheckOutPage:113 - User clicks on the my account button. 
2022-11-22 22:51:15,101  INFO [TestNG-test=Selenium OPEN_CART (Marionette Firefox)-3] CheckOutPage:115 - User clicks on the shopping cart button. 
2022-11-22 22:51:15,821  INFO [TestNG-test=Selenium OPEN_CART (Marionette Firefox)-3] CheckOutPage:117 - User navigates on the register page. 
2022-11-22 22:51:15,822  INFO [TestNG-test=Selenium OPEN_CART (Marionette Firefox)-3] CheckOutPage:235 - User clicks on the forgotten password section.
2022-11-22 22:51:16,182  WARN [TestNG-test=Selenium OPEN_CART (Marionette Firefox)-3] CheckOutPage:264 - User types email for sending a new password. 
2022-11-22 22:51:16,240  INFO [TestNG-test=Selenium OPEN_CART (Marionette Firefox)-3] CheckOutPage:266 - User clicks on the 'Continue' button. 
2022-11-22 22:51:17,105  INFO [TestNG-test=Selenium OPEN_CART (Marionette Firefox)-3] CheckOutPage:276 - User receives an success message. 
2022-11-22 22:51:21,176  INFO [TestNG-test=Selenium OPEN_CART (Marionette Firefox)-3] CheckOutPage:113 - User clicks on the my account button. 
2022-11-22 22:51:21,417  INFO [TestNG-test=Selenium OPEN_CART (Marionette Firefox)-3] CheckOutPage:115 - User clicks on the shopping cart button. 
2022-11-22 22:51:22,344  INFO [TestNG-test=Selenium OPEN_CART (Marionette Firefox)-3] CheckOutPage:117 - User navigates on the register page. 
2022-11-22 22:51:22,344  INFO [TestNG-test=Selenium OPEN_CART (Marionette Firefox)-3] CheckOutPage:235 - User clicks on the forgotten password section.
2022-11-22 22:51:22,706  WARN [TestNG-test=Selenium OPEN_CART (Marionette Firefox)-3] CheckOutPage:264 - User types email for sending a new password. 
2022-11-22 22:51:22,768  INFO [TestNG-test=Selenium OPEN_CART (Marionette Firefox)-3] CheckOutPage:266 - User clicks on the 'Continue' button. 
2022-11-22 22:51:23,124  INFO [TestNG-test=Selenium OPEN_CART (Marionette Firefox)-3] CheckOutPage:219 - User receives an warning message. 
